root - INFO - input: (tensor([[  6.0000, 148.0000,  72.0000,  35.0000,   0.0000,  33.6000,   0.6270,
          50.0000]]),)
root - INFO - input: (tensor([[ -9.6331, -36.0303, -51.5769, -43.8642, -30.9051,  -2.2143, -38.1200,
         -49.6929, -21.5209,  38.5231, -85.5963,  16.4960]],
       grad_fn=<AddmmBackward0>),)
root - INFO - input: (tensor([[ 0.0000,  0.0000,  0.0000,  0.0000,  0.0000,  0.0000,  0.0000,  0.0000,
          0.0000, 38.5231,  0.0000, 16.4960]], grad_fn=<ReluBackward0>),)
root - INFO - input: (tensor([[ 0.4523,  4.0533, -2.8120, -3.8347, -2.4061,  3.2025, -2.4016,  6.0510]],
       grad_fn=<AddmmBackward0>),)
root - INFO - input: (tensor([[0.4523, 4.0533, 0.0000, 0.0000, 0.0000, 3.2025, 0.0000, 6.0510]],
       grad_fn=<ReluBackward0>),)
root - INFO - input: (tensor([[-0.3072]], grad_fn=<AddmmBackward0>),)
root - INFO - input: (tensor([[ 1.0000, 85.0000, 66.0000, 29.0000,  0.0000, 26.6000,  0.3510, 31.0000]]),)
root - INFO - input: (tensor([[ -5.6074, -24.1565, -41.4208, -23.2275, -23.3462,  -2.5397, -27.1291,
         -36.0676, -14.5303,  25.7799, -58.8246,   5.7581]],
       grad_fn=<AddmmBackward0>),)
root - INFO - input: (tensor([[ 0.0000,  0.0000,  0.0000,  0.0000,  0.0000,  0.0000,  0.0000,  0.0000,
          0.0000, 25.7799,  0.0000,  5.7581]], grad_fn=<ReluBackward0>),)
root - INFO - input: (tensor([[ 1.3544,  3.9795, -2.1359, -1.7309, -0.9780,  2.4434, -1.5052,  4.8834]],
       grad_fn=<AddmmBackward0>),)
root - INFO - input: (tensor([[1.3544, 3.9795, 0.0000, 0.0000, 0.0000, 2.4434, 0.0000, 4.8834]],
       grad_fn=<ReluBackward0>),)
root - INFO - input: (tensor([[-0.4629]], grad_fn=<AddmmBackward0>),)
root - INFO - input: (tensor([[  6.0000, 148.0000,  72.0000,  35.0000,   0.0000,  33.6000,   0.6270,
          50.0000],
        [  1.0000,  85.0000,  66.0000,  29.0000,   0.0000,  26.6000,   0.3510,
          31.0000]]),)
root - INFO - input: (tensor([[ -9.6331, -36.0304, -51.5769, -43.8642, -30.9051,  -2.2143, -38.1200,
         -49.6929, -21.5209,  38.1295, -85.5963,  17.2222],
        [ -5.6074, -24.1565, -41.4208, -23.2275, -23.3462,  -2.5397, -27.1291,
         -36.0676, -14.5303,  25.9166, -58.8246,   5.3667]]),)
root - INFO - input: (tensor([[ 0.0000,  0.0000,  0.0000,  0.0000,  0.0000,  0.0000,  0.0000,  0.0000,
          0.0000, 38.1295,  0.0000, 17.2222],
        [ 0.0000,  0.0000,  0.0000,  0.0000,  0.0000,  0.0000,  0.0000,  0.0000,
          0.0000, 25.9166,  0.0000,  5.3667]]),)
root - INFO - input: (tensor([[ 0.0491,  3.9451, -2.7361, -3.9333, -2.4816,  3.2631, -2.3992,  5.6678],
        [ 1.5477,  4.0320, -2.1695, -1.6751, -0.9360,  2.4126, -1.5027,  5.0581]]),)
root - INFO - input: (tensor([[0.0491, 3.9451, 0.0000, 0.0000, 0.0000, 3.2631, 0.0000, 5.6678],
        [1.5477, 4.0320, 0.0000, 0.0000, 0.0000, 2.4126, 0.0000, 5.0581]]),)
root - INFO - input: (tensor([[-0.0761],
        [-0.5829]]),)
